<?xml version="1.0" encoding="UTF-8"?>
<!-- Generated by org.testng.reporters.JUnitXMLReporter -->
<testsuite ignored="2" hostname="SumitGoyal" failures="0" tests="1" name="Default test" time="15.816" errors="0" timestamp="2022-06-15T07:58:21 IST">
  <testcase classname="com.qa.nvn.testcases.HomePageTest" name="verifyhomePageTitle" time="0.034"/>
  <testcase classname="com.qa.nvn.testcases.HomePageTest" name="verifySearchFunction" time="0.0">
    <ignored/>
  </testcase> <!-- verifySearchFunction -->
  <testcase classname="com.qa.nvn.testcases.HomePageTest" name="verifyMonitors" time="0.0">
    <ignored/>
  </testcase> <!-- verifyMonitors -->
</testsuite> <!-- Default test -->
