<?xml version="1.0" encoding="UTF-8"?>
<!-- Generated by org.testng.reporters.JUnitXMLReporter -->
<testsuite ignored="3" hostname="SumitGoyal" failures="0" tests="1" name="Default test" time="13.186" errors="0" timestamp="2022-06-16T14:56:34 IST">
  <testcase classname="com.qa.nvn.testcases.FrontPageTest" name="validateClickOnRegister" time="1.147"/>
  <testcase classname="com.qa.nvn.testcases.FrontPageTest" name="validateClickOnLogin" time="0.0">
    <ignored/>
  </testcase> <!-- validateClickOnLogin -->
  <testcase classname="com.qa.nvn.testcases.FrontPageTest" name="verifyLogoTest" time="0.0">
    <ignored/>
  </testcase> <!-- verifyLogoTest -->
  <testcase classname="com.qa.nvn.testcases.FrontPageTest" name="verifyTitle_FrontPage" time="0.0">
    <ignored/>
  </testcase> <!-- verifyTitle_FrontPage -->
</testsuite> <!-- Default test -->
