<?xml version="1.0" encoding="UTF-8"?>
<testng-results ignored="3" total="4" passed="1" failed="0" skipped="0">
  <reporter-output>
  </reporter-output>
  <suite started-at="2022-06-16T14:56:21 IST" name="Default suite" finished-at="2022-06-16T14:56:34 IST" duration-ms="13186">
    <groups>
    </groups>
    <test started-at="2022-06-16T14:56:21 IST" name="Default test" finished-at="2022-06-16T14:56:34 IST" duration-ms="13186">
      <class name="com.qa.nvn.testcases.FrontPageTest">
        <test-method is-config="true" signature="setUp()[pri:0, instance:com.qa.nvn.testcases.FrontPageTest@74e28667]" started-at="2022-06-16T14:56:21 IST" name="setUp" finished-at="2022-06-16T14:56:30 IST" duration-ms="8955" status="PASS">
          <reporter-output>
          </reporter-output>
        </test-method> <!-- setUp -->
        <test-method signature="validateClickOnRegister()[pri:0, instance:com.qa.nvn.testcases.FrontPageTest@74e28667]" started-at="2022-06-16T14:56:30 IST" name="validateClickOnRegister" finished-at="2022-06-16T14:56:31 IST" duration-ms="1147" status="PASS">
          <reporter-output>
          </reporter-output>
        </test-method> <!-- validateClickOnRegister -->
        <test-method is-config="true" signature="tearDown()[pri:0, instance:com.qa.nvn.testcases.FrontPageTest@74e28667]" started-at="2022-06-16T14:56:31 IST" name="tearDown" finished-at="2022-06-16T14:56:34 IST" duration-ms="2943" status="PASS">
          <reporter-output>
          </reporter-output>
        </test-method> <!-- tearDown -->
      </class> <!-- com.qa.nvn.testcases.FrontPageTest -->
    </test> <!-- Default test -->
  </suite> <!-- Default suite -->
</testng-results>
