<?xml version="1.0" encoding="UTF-8"?>
<!-- Generated by org.testng.reporters.JUnitXMLReporter -->
<testsuite ignored="0" hostname="SumitGoyal" failures="0" tests="10" name="NVN Automation Tests execution" time="97.395" errors="0" timestamp="2022-06-15T08:00:15 IST">
  <testcase classname="com.qa.nvn.testcases.FrontPageTest" name="validateClickOnLogin" time="0.656"/>
  <testcase classname="com.qa.nvn.testcases.FrontPageTest" name="validateClickOnRegister" time="0.773"/>
  <testcase classname="com.qa.nvn.testcases.FrontPageTest" name="verifyLogoTest" time="0.092"/>
  <testcase classname="com.qa.nvn.testcases.FrontPageTest" name="verifyTitle_FrontPage" time="0.012"/>
  <testcase classname="com.qa.nvn.testcases.LoginPageTest" name="validateLoginPageTitle" time="0.011"/>
  <testcase classname="com.qa.nvn.testcases.LoginPageTest" name="clickOnLoginBtn" time="1.022"/>
  <testcase classname="com.qa.nvn.testcases.LoginPageTest" name="clickOnContinue" time="0.76"/>
  <testcase classname="com.qa.nvn.testcases.HomePageTest" name="verifyMonitors" time="0.701"/>
  <testcase classname="com.qa.nvn.testcases.HomePageTest" name="verifySearchFunction" time="0.633"/>
  <testcase classname="com.qa.nvn.testcases.HomePageTest" name="verifyhomePageTitle" time="0.016"/>
</testsuite> <!-- NVN Automation Tests execution -->
